<?xml version="1.0" encoding="UTF-8"?>
<testng-results ignored="0" total="1" passed="1" failed="0" skipped="0">
  <reporter-output>
    <line>
      <![CDATA[CreateCustomer]]>
    </line>
  </reporter-output>
  <suite started-at="2023-06-08T12:28:27 IST" name="Default suite" finished-at="2023-06-08T12:28:27 IST" duration-ms="190">
    <groups>
    </groups>
    <test started-at="2023-06-08T12:28:27 IST" name="Default test" finished-at="2023-06-08T12:28:27 IST" duration-ms="190">
      <class name="com.actitime.testscript.CustomerModule">
        <test-method signature="CreateCustomer()[pri:0, instance:com.actitime.testscript.CustomerModule@460d0a57]" started-at="2023-06-08T12:28:27 IST" name="CreateCustomer" finished-at="2023-06-08T12:28:27 IST" duration-ms="63" status="PASS">
          <reporter-output>
            <line>
              <![CDATA[CreateCustomer]]>
            </line>
          </reporter-output>
        </test-method> <!-- CreateCustomer -->
      </class> <!-- com.actitime.testscript.CustomerModule -->
    </test> <!-- Default test -->
  </suite> <!-- Default suite -->
</testng-results>
